2026-02-03 20:54:59,299 - root - INFO - NaNs in X_train: 0 (0.0000% of entries), NaNs in X_test: 0 (0.0000% of entries)
2026-02-03 20:55:25,179 - root - INFO - 
Quantile crossing rate (raw, before repair): 0.05> 0.5 = 0.00%, 0.5> 0.95 = 0.00%
2026-02-03 20:55:25,179 - root - INFO - 
RAW quantile pinball losses and marginal coverage on TEST set (no repair):
2026-02-03 20:55:25,290 - root - INFO - RAW mean interval width [0.05, 0.95]: 96.58 AUD/MWh
2026-02-09 13:32:39,925 - root - INFO - NaNs in X_train: 0 (0.0000% of entries), NaNs in X_test: 0 (0.0000% of entries)
2026-02-09 13:36:16,825 - root - INFO - NaNs in X_train: 0 (0.0000% of entries), NaNs in X_test: 0 (0.0000% of entries)
2026-02-09 13:40:03,061 - root - INFO - NaNs in X_train: 0 (0.0000% of entries), NaNs in X_test: 0 (0.0000% of entries)
2026-02-09 13:46:26,467 - root - INFO - NaNs in X_train: 0 (0.0000% of entries), NaNs in X_test: 0 (0.0000% of entries)
2026-02-09 13:47:08,964 - root - INFO - NaNs in X_train: 0 (0.0000% of entries), NaNs in X_test: 0 (0.0000% of entries)
2026-02-09 13:47:51,747 - root - INFO - NaNs in X_train: 0 (0.0000% of entries), NaNs in X_test: 0 (0.0000% of entries)
2026-02-09 13:48:31,397 - root - INFO - NaNs in X_train: 0 (0.0000% of entries), NaNs in X_test: 0 (0.0000% of entries)
2026-02-09 14:19:19,966 - root - INFO - NaNs in X_train: 0 (0.0000% of entries), NaNs in X_test: 0 (0.0000% of entries)
2026-02-09 14:20:35,903 - root - INFO - NaNs in X_train: 0 (0.0000% of entries), NaNs in X_test: 0 (0.0000% of entries)
2026-02-09 14:21:34,591 - root - INFO - NaNs in X_train: 0 (0.0000% of entries), NaNs in X_test: 0 (0.0000% of entries)
2026-02-09 14:22:31,014 - root - INFO - NaNs in X_train: 0 (0.0000% of entries), NaNs in X_test: 0 (0.0000% of entries)
2026-02-09 14:39:56,280 - root - INFO - NaNs in X_train: 0 (0.0000% of entries), NaNs in X_test: 0 (0.0000% of entries)
2026-02-09 14:41:07,487 - root - INFO - NaNs in X_train: 0 (0.0000% of entries), NaNs in X_test: 0 (0.0000% of entries)
2026-02-09 14:42:04,142 - root - INFO - NaNs in X_train: 0 (0.0000% of entries), NaNs in X_test: 0 (0.0000% of entries)
2026-02-09 14:43:06,593 - root - INFO - NaNs in X_train: 0 (0.0000% of entries), NaNs in X_test: 0 (0.0000% of entries)
2026-02-09 14:50:12,540 - root - INFO - NaNs in X_train: 0 (0.0000% of entries), NaNs in X_test: 0 (0.0000% of entries)
2026-02-09 14:51:23,626 - root - INFO - NaNs in X_train: 0 (0.0000% of entries), NaNs in X_test: 0 (0.0000% of entries)
2026-02-09 14:52:21,192 - root - INFO - NaNs in X_train: 0 (0.0000% of entries), NaNs in X_test: 0 (0.0000% of entries)
2026-02-09 14:53:16,668 - root - INFO - NaNs in X_train: 0 (0.0000% of entries), NaNs in X_test: 0 (0.0000% of entries)
2026-02-14 22:48:56,278 - arbitrage_sim - INFO - Training quantile models for horizon 60 minutes...
2026-02-14 22:48:58,345 - root - INFO - NaNs in X_train: 0 (0.0000% of entries), NaNs in X_test: 0 (0.0000% of entries)
2026-02-14 22:50:49,584 - arbitrage_sim - INFO - Training quantile models for horizon 60 minutes...
2026-02-14 22:50:51,640 - root - INFO - NaNs in X_train: 0 (0.0000% of entries), NaNs in X_test: 0 (0.0000% of entries)
2026-02-14 22:51:39,948 - arbitrage_sim - INFO - Training quantile models for horizon 60 minutes...
2026-02-14 22:51:45,564 - root - INFO - NaNs in X_train: 0 (0.0000% of entries), NaNs in X_test: 0 (0.0000% of entries)
2026-02-14 22:52:30,224 - arbitrage_sim - INFO - Training quantile models for horizon 120 minutes...
2026-02-14 22:52:39,442 - root - INFO - NaNs in X_train: 0 (0.0000% of entries), NaNs in X_test: 0 (0.0000% of entries)
2026-02-14 23:09:55,776 - arbitrage_sim - INFO - Training quantile models for horizon 60 minutes...
2026-02-14 23:09:57,223 - root - INFO - NaNs in X_train: 0 (0.0000% of entries), NaNs in X_test: 0 (0.0000% of entries)
2026-02-14 23:10:23,827 - arbitrage_sim - INFO - Training quantile models for horizon 120 minutes...
2026-02-14 23:10:25,710 - root - INFO - NaNs in X_train: 0 (0.0000% of entries), NaNs in X_test: 0 (0.0000% of entries)
2026-02-14 23:11:55,758 - arbitrage_sim - INFO - Training quantile models for horizon 60 minutes...
2026-02-14 23:11:57,659 - root - INFO - NaNs in X_train: 0 (0.0000% of entries), NaNs in X_test: 0 (0.0000% of entries)
2026-02-14 23:12:27,576 - arbitrage_sim - INFO - Training quantile models for horizon 120 minutes...
2026-02-14 23:12:29,005 - root - INFO - NaNs in X_train: 0 (0.0000% of entries), NaNs in X_test: 0 (0.0000% of entries)
2026-02-14 23:34:39,514 - arbitrage_sim - INFO - Training quantile models for horizon 60 minutes...
2026-02-14 23:34:42,568 - root - INFO - NaNs in X_train: 0 (0.0000% of entries), NaNs in X_test: 0 (0.0000% of entries)
2026-02-14 23:35:24,602 - arbitrage_sim - INFO - Training quantile models for horizon 120 minutes...
2026-02-14 23:35:26,238 - root - INFO - NaNs in X_train: 0 (0.0000% of entries), NaNs in X_test: 0 (0.0000% of entries)
2026-02-14 23:43:03,305 - arbitrage_sim - INFO - Training quantile models for horizon 60 minutes...
2026-02-14 23:43:06,461 - root - INFO - NaNs in X_train: 0 (0.0000% of entries), NaNs in X_test: 0 (0.0000% of entries)
2026-02-14 23:43:39,071 - arbitrage_sim - INFO - Training quantile models for horizon 120 minutes...
2026-02-14 23:43:40,525 - root - INFO - NaNs in X_train: 0 (0.0000% of entries), NaNs in X_test: 0 (0.0000% of entries)
2026-02-15 13:48:30,884 - arbitrage_sim - INFO - Training quantile models for horizon 60 minutes...
2026-02-15 13:48:32,733 - root - INFO - NaNs in X_train: 0 (0.0000% of entries), NaNs in X_test: 0 (0.0000% of entries)
2026-02-15 13:49:35,995 - arbitrage_sim - INFO - Training quantile models for horizon 120 minutes...
2026-02-15 13:49:38,918 - root - INFO - NaNs in X_train: 0 (0.0000% of entries), NaNs in X_test: 0 (0.0000% of entries)
2026-02-15 14:02:59,734 - arbitrage_sim - INFO - Training quantile models for horizon 60 minutes...
2026-02-15 14:03:01,277 - root - INFO - NaNs in X_train: 0 (0.0000% of entries), NaNs in X_test: 0 (0.0000% of entries)
2026-02-15 14:03:30,616 - arbitrage_sim - INFO - Training quantile models for horizon 120 minutes...
2026-02-15 14:03:32,118 - root - INFO - NaNs in X_train: 0 (0.0000% of entries), NaNs in X_test: 0 (0.0000% of entries)
2026-02-15 14:23:44,124 - arbitrage_sim - INFO - Training quantile models for horizon 60 minutes...
2026-02-15 14:23:45,854 - root - INFO - NaNs in X_train: 0 (0.0000% of entries), NaNs in X_test: 0 (0.0000% of entries)
2026-02-15 14:24:16,056 - arbitrage_sim - INFO - Training quantile models for horizon 120 minutes...
2026-02-15 14:24:18,151 - root - INFO - NaNs in X_train: 0 (0.0000% of entries), NaNs in X_test: 0 (0.0000% of entries)
2026-02-15 14:30:38,358 - arbitrage_sim - INFO - Training quantile models for horizon 60 minutes...
2026-02-15 14:30:39,673 - root - INFO - NaNs in X_train: 0 (0.0000% of entries), NaNs in X_test: 0 (0.0000% of entries)
2026-02-15 14:31:09,557 - arbitrage_sim - INFO - Training quantile models for horizon 120 minutes...
2026-02-15 14:31:11,601 - root - INFO - NaNs in X_train: 0 (0.0000% of entries), NaNs in X_test: 0 (0.0000% of entries)
